<?xml version="1.0" encoding="UTF-8"?>
<robot generator="Robot 3.1.2 (Python 3.8.2 on win32)" generated="20200422 17:49:44.715" rpa="false">
<suite id="s1" name="Login" source="C:\Docker\ninjapixel\tests\login.robot">
<test id="s1-t1" name="Login com sucesso">
<kw name="Dado que eu acesso a página de login">
<kw name="Open Browser" library="SeleniumLibrary">
<doc>Opens a new browser instance to the optional ``url``.</doc>
<arguments>
<arg>http://pixel-web:3000/login</arg>
<arg>chrome</arg>
</arguments>
<msg timestamp="20200422 17:49:44.920" level="INFO">Opening browser 'chrome' to base url 'http://pixel-web:3000/login'.</msg>
<status status="PASS" starttime="20200422 17:49:44.919" endtime="20200422 17:49:48.826"></status>
</kw>
<status status="PASS" starttime="20200422 17:49:44.919" endtime="20200422 17:49:48.827"></status>
</kw>
<kw name="Quando eu submeto minhas credenciais &quot;arthur@ninjapixel.com&quot; e &quot;123456&quot;">
<kw name="Input Text" library="SeleniumLibrary">
<doc>Types the given ``text`` into the text field identified by ``locator``.</doc>
<arguments>
<arg>id:emailId</arg>
<arg>${email}</arg>
</arguments>
<msg timestamp="20200422 17:49:48.828" level="INFO">Typing text 'arthur@ninjapixel.com' into text field 'id:emailId'.</msg>
<status status="PASS" starttime="20200422 17:49:48.827" endtime="20200422 17:49:49.108"></status>
</kw>
<kw name="Input Text" library="SeleniumLibrary">
<doc>Types the given ``text`` into the text field identified by ``locator``.</doc>
<arguments>
<arg>id:passId</arg>
<arg>${pass}</arg>
</arguments>
<msg timestamp="20200422 17:49:49.108" level="INFO">Typing text '123456' into text field 'id:passId'.</msg>
<status status="PASS" starttime="20200422 17:49:49.108" endtime="20200422 17:49:49.189"></status>
</kw>
<kw name="Click Element" library="SeleniumLibrary">
<doc>Click the element identified by ``locator``.</doc>
<arguments>
<arg>class:btn</arg>
</arguments>
<msg timestamp="20200422 17:49:49.189" level="INFO">Clicking element 'class:btn'.</msg>
<status status="PASS" starttime="20200422 17:49:49.189" endtime="20200422 17:49:49.244"></status>
</kw>
<status status="PASS" starttime="20200422 17:49:48.827" endtime="20200422 17:49:49.244"></status>
</kw>
<kw name="Então devo ser autenticado">
<kw name="Wait Until Page Contains" library="SeleniumLibrary">
<doc>Waits until ``text`` appears on the current page.</doc>
<arguments>
<arg>Arthur Cipolari</arg>
</arguments>
<status status="PASS" starttime="20200422 17:49:49.245" endtime="20200422 17:49:49.703"></status>
</kw>
<kw name="Close Browser" library="SeleniumLibrary">
<doc>Closes the current browser.</doc>
<status status="PASS" starttime="20200422 17:49:49.703" endtime="20200422 17:49:51.984"></status>
</kw>
<status status="PASS" starttime="20200422 17:49:49.244" endtime="20200422 17:49:51.984"></status>
</kw>
<status status="PASS" starttime="20200422 17:49:44.919" endtime="20200422 17:49:51.984" critical="yes"></status>
</test>
<test id="s1-t2" name="Senha incorreta">
<kw name="Dado que eu acesso a página de login">
<kw name="Open Browser" library="SeleniumLibrary">
<doc>Opens a new browser instance to the optional ``url``.</doc>
<arguments>
<arg>http://pixel-web:3000/login</arg>
<arg>chrome</arg>
</arguments>
<msg timestamp="20200422 17:49:51.987" level="INFO">Opening browser 'chrome' to base url 'http://pixel-web:3000/login'.</msg>
<status status="PASS" starttime="20200422 17:49:51.987" endtime="20200422 17:49:56.964"></status>
</kw>
<status status="PASS" starttime="20200422 17:49:51.986" endtime="20200422 17:49:56.964"></status>
</kw>
<kw name="Quando eu submeto minhas credenciais &quot;arthur@ninjapixel.com&quot; e &quot;senhaerrada&quot;">
<kw name="Input Text" library="SeleniumLibrary">
<doc>Types the given ``text`` into the text field identified by ``locator``.</doc>
<arguments>
<arg>id:emailId</arg>
<arg>${email}</arg>
</arguments>
<msg timestamp="20200422 17:49:56.965" level="INFO">Typing text 'arthur@ninjapixel.com' into text field 'id:emailId'.</msg>
<status status="PASS" starttime="20200422 17:49:56.964" endtime="20200422 17:49:57.240"></status>
</kw>
<kw name="Input Text" library="SeleniumLibrary">
<doc>Types the given ``text`` into the text field identified by ``locator``.</doc>
<arguments>
<arg>id:passId</arg>
<arg>${pass}</arg>
</arguments>
<msg timestamp="20200422 17:49:57.240" level="INFO">Typing text 'senhaerrada' into text field 'id:passId'.</msg>
<status status="PASS" starttime="20200422 17:49:57.240" endtime="20200422 17:49:57.335"></status>
</kw>
<kw name="Click Element" library="SeleniumLibrary">
<doc>Click the element identified by ``locator``.</doc>
<arguments>
<arg>class:btn</arg>
</arguments>
<msg timestamp="20200422 17:49:57.336" level="INFO">Clicking element 'class:btn'.</msg>
<status status="PASS" starttime="20200422 17:49:57.335" endtime="20200422 17:49:57.378"></status>
</kw>
<status status="PASS" starttime="20200422 17:49:56.964" endtime="20200422 17:49:57.378"></status>
</kw>
<kw name="Então devo ver uma mensagem de alerta &quot;Usuário e/ou senha inválidos&quot;">
<kw name="Wait Until Page Contains" library="SeleniumLibrary">
<doc>Waits until ``text`` appears on the current page.</doc>
<arguments>
<arg>${mensagem}</arg>
</arguments>
<status status="PASS" starttime="20200422 17:49:57.379" endtime="20200422 17:49:57.615"></status>
</kw>
<kw name="Close Browser" library="SeleniumLibrary">
<doc>Closes the current browser.</doc>
<status status="PASS" starttime="20200422 17:49:57.615" endtime="20200422 17:49:59.722"></status>
</kw>
<status status="PASS" starttime="20200422 17:49:57.378" endtime="20200422 17:49:59.722"></status>
</kw>
<status status="PASS" starttime="20200422 17:49:51.986" endtime="20200422 17:49:59.722" critical="yes"></status>
</test>
<test id="s1-t3" name="Email que não existe">
<kw name="Dado que eu acesso a página de login">
<kw name="Open Browser" library="SeleniumLibrary">
<doc>Opens a new browser instance to the optional ``url``.</doc>
<arguments>
<arg>http://pixel-web:3000/login</arg>
<arg>chrome</arg>
</arguments>
<msg timestamp="20200422 17:49:59.724" level="INFO">Opening browser 'chrome' to base url 'http://pixel-web:3000/login'.</msg>
<status status="PASS" starttime="20200422 17:49:59.724" endtime="20200422 17:50:04.079"></status>
</kw>
<status status="PASS" starttime="20200422 17:49:59.724" endtime="20200422 17:50:04.079"></status>
</kw>
<kw name="Quando eu submeto minhas credenciais &quot;emailerrado@ninjapixel.com&quot; e &quot;123456&quot;">
<kw name="Input Text" library="SeleniumLibrary">
<doc>Types the given ``text`` into the text field identified by ``locator``.</doc>
<arguments>
<arg>id:emailId</arg>
<arg>${email}</arg>
</arguments>
<msg timestamp="20200422 17:50:04.080" level="INFO">Typing text 'emailerrado@ninjapixel.com' into text field 'id:emailId'.</msg>
<status status="PASS" starttime="20200422 17:50:04.079" endtime="20200422 17:50:04.305"></status>
</kw>
<kw name="Input Text" library="SeleniumLibrary">
<doc>Types the given ``text`` into the text field identified by ``locator``.</doc>
<arguments>
<arg>id:passId</arg>
<arg>${pass}</arg>
</arguments>
<msg timestamp="20200422 17:50:04.306" level="INFO">Typing text '123456' into text field 'id:passId'.</msg>
<status status="PASS" starttime="20200422 17:50:04.306" endtime="20200422 17:50:04.397"></status>
</kw>
<kw name="Click Element" library="SeleniumLibrary">
<doc>Click the element identified by ``locator``.</doc>
<arguments>
<arg>class:btn</arg>
</arguments>
<msg timestamp="20200422 17:50:04.398" level="INFO">Clicking element 'class:btn'.</msg>
<status status="PASS" starttime="20200422 17:50:04.398" endtime="20200422 17:50:04.445"></status>
</kw>
<status status="PASS" starttime="20200422 17:50:04.079" endtime="20200422 17:50:04.445"></status>
</kw>
<kw name="Então devo ver uma mensagem de alerta &quot;Usuário e/ou senha inválidos&quot;">
<kw name="Wait Until Page Contains" library="SeleniumLibrary">
<doc>Waits until ``text`` appears on the current page.</doc>
<arguments>
<arg>${mensagem}</arg>
</arguments>
<status status="PASS" starttime="20200422 17:50:04.446" endtime="20200422 17:50:04.485"></status>
</kw>
<kw name="Close Browser" library="SeleniumLibrary">
<doc>Closes the current browser.</doc>
<status status="PASS" starttime="20200422 17:50:04.485" endtime="20200422 17:50:06.591"></status>
</kw>
<status status="PASS" starttime="20200422 17:50:04.446" endtime="20200422 17:50:06.591"></status>
</kw>
<status status="PASS" starttime="20200422 17:49:59.723" endtime="20200422 17:50:06.591" critical="yes"></status>
</test>
<test id="s1-t4" name="Email nao informado">
<kw name="Dado que eu acesso a página de login">
<kw name="Open Browser" library="SeleniumLibrary">
<doc>Opens a new browser instance to the optional ``url``.</doc>
<arguments>
<arg>http://pixel-web:3000/login</arg>
<arg>chrome</arg>
</arguments>
<msg timestamp="20200422 17:50:06.593" level="INFO">Opening browser 'chrome' to base url 'http://pixel-web:3000/login'.</msg>
<status status="PASS" starttime="20200422 17:50:06.593" endtime="20200422 17:50:19.691"></status>
</kw>
<status status="PASS" starttime="20200422 17:50:06.593" endtime="20200422 17:50:19.691"></status>
</kw>
<kw name="Quando eu submeto minhas credenciais &quot;&quot; e &quot;123456&quot;">
<kw name="Input Text" library="SeleniumLibrary">
<doc>Types the given ``text`` into the text field identified by ``locator``.</doc>
<arguments>
<arg>id:emailId</arg>
<arg>${email}</arg>
</arguments>
<msg timestamp="20200422 17:50:19.692" level="INFO">Typing text '' into text field 'id:emailId'.</msg>
<status status="PASS" starttime="20200422 17:50:19.692" endtime="20200422 17:50:19.761"></status>
</kw>
<kw name="Input Text" library="SeleniumLibrary">
<doc>Types the given ``text`` into the text field identified by ``locator``.</doc>
<arguments>
<arg>id:passId</arg>
<arg>${pass}</arg>
</arguments>
<msg timestamp="20200422 17:50:19.761" level="INFO">Typing text '123456' into text field 'id:passId'.</msg>
<status status="PASS" starttime="20200422 17:50:19.761" endtime="20200422 17:50:19.967"></status>
</kw>
<kw name="Click Element" library="SeleniumLibrary">
<doc>Click the element identified by ``locator``.</doc>
<arguments>
<arg>class:btn</arg>
</arguments>
<msg timestamp="20200422 17:50:19.967" level="INFO">Clicking element 'class:btn'.</msg>
<status status="PASS" starttime="20200422 17:50:19.967" endtime="20200422 17:50:20.009"></status>
</kw>
<status status="PASS" starttime="20200422 17:50:19.692" endtime="20200422 17:50:20.009"></status>
</kw>
<kw name="Então devo ver uma mensagem de alerta &quot;Opps. Informe o seu email!&quot;">
<kw name="Wait Until Page Contains" library="SeleniumLibrary">
<doc>Waits until ``text`` appears on the current page.</doc>
<arguments>
<arg>${mensagem}</arg>
</arguments>
<status status="PASS" starttime="20200422 17:50:20.010" endtime="20200422 17:50:20.030"></status>
</kw>
<kw name="Close Browser" library="SeleniumLibrary">
<doc>Closes the current browser.</doc>
<status status="PASS" starttime="20200422 17:50:20.030" endtime="20200422 17:50:22.139"></status>
</kw>
<status status="PASS" starttime="20200422 17:50:20.009" endtime="20200422 17:50:22.139"></status>
</kw>
<status status="PASS" starttime="20200422 17:50:06.592" endtime="20200422 17:50:22.139" critical="yes"></status>
</test>
<test id="s1-t5" name="Senha nao informada">
<kw name="Dado que eu acesso a página de login">
<kw name="Open Browser" library="SeleniumLibrary">
<doc>Opens a new browser instance to the optional ``url``.</doc>
<arguments>
<arg>http://pixel-web:3000/login</arg>
<arg>chrome</arg>
</arguments>
<msg timestamp="20200422 17:50:22.142" level="INFO">Opening browser 'chrome' to base url 'http://pixel-web:3000/login'.</msg>
<status status="PASS" starttime="20200422 17:50:22.141" endtime="20200422 17:50:35.164"></status>
</kw>
<status status="PASS" starttime="20200422 17:50:22.141" endtime="20200422 17:50:35.164"></status>
</kw>
<kw name="Quando eu submeto minhas credenciais &quot;arthur@ninjapixel.com&quot; e &quot;&quot;">
<kw name="Input Text" library="SeleniumLibrary">
<doc>Types the given ``text`` into the text field identified by ``locator``.</doc>
<arguments>
<arg>id:emailId</arg>
<arg>${email}</arg>
</arguments>
<msg timestamp="20200422 17:50:35.165" level="INFO">Typing text 'arthur@ninjapixel.com' into text field 'id:emailId'.</msg>
<status status="PASS" starttime="20200422 17:50:35.165" endtime="20200422 17:50:35.299"></status>
</kw>
<kw name="Input Text" library="SeleniumLibrary">
<doc>Types the given ``text`` into the text field identified by ``locator``.</doc>
<arguments>
<arg>id:passId</arg>
<arg>${pass}</arg>
</arguments>
<msg timestamp="20200422 17:50:35.300" level="INFO">Typing text '' into text field 'id:passId'.</msg>
<status status="PASS" starttime="20200422 17:50:35.300" endtime="20200422 17:50:35.358"></status>
</kw>
<kw name="Click Element" library="SeleniumLibrary">
<doc>Click the element identified by ``locator``.</doc>
<arguments>
<arg>class:btn</arg>
</arguments>
<msg timestamp="20200422 17:50:35.358" level="INFO">Clicking element 'class:btn'.</msg>
<status status="PASS" starttime="20200422 17:50:35.358" endtime="20200422 17:50:35.408"></status>
</kw>
<status status="PASS" starttime="20200422 17:50:35.164" endtime="20200422 17:50:35.408"></status>
</kw>
<kw name="Então devo ver uma mensagem de alerta &quot;Opps. Informe a sua senha!&quot;">
<kw name="Wait Until Page Contains" library="SeleniumLibrary">
<doc>Waits until ``text`` appears on the current page.</doc>
<arguments>
<arg>${mensagem}</arg>
</arguments>
<status status="PASS" starttime="20200422 17:50:35.409" endtime="20200422 17:50:35.429"></status>
</kw>
<kw name="Close Browser" library="SeleniumLibrary">
<doc>Closes the current browser.</doc>
<status status="PASS" starttime="20200422 17:50:35.429" endtime="20200422 17:50:37.525"></status>
</kw>
<status status="PASS" starttime="20200422 17:50:35.409" endtime="20200422 17:50:37.525"></status>
</kw>
<status status="PASS" starttime="20200422 17:50:22.141" endtime="20200422 17:50:37.525" critical="yes"></status>
</test>
<doc>Login
Sendo um administrador de catálogo
Quero me autenticar no sistema
Para que eu possa gerenciar o catálogo de produtos</doc>
<status status="PASS" starttime="20200422 17:49:44.717" endtime="20200422 17:50:37.527"></status>
</suite>
<statistics>
<total>
<stat pass="5" fail="0">Critical Tests</stat>
<stat pass="5" fail="0">All Tests</stat>
</total>
<tag>
</tag>
<suite>
<stat pass="5" fail="0" id="s1" name="Login">Login</stat>
</suite>
</statistics>
<errors>
</errors>
</robot>
