<?xml version="1.0" encoding="UTF-8"?>
<robot generator="Robot 3.1.2 (Python 3.8.2 on win32)" generated="20200422 17:39:58.658" rpa="false">
<suite id="s1" name="Login" source="C:\Docker\ninjapixel\tests\login.robot">
<test id="s1-t1" name="Login com sucesso">
<kw name="Dado que eu acesso a página de login">
<kw name="Open Browser" library="SeleniumLibrary">
<doc>Opens a new browser instance to the optional ``url``.</doc>
<arguments>
<arg>http://pixel-web:3000/login</arg>
<arg>chrome</arg>
</arguments>
<msg timestamp="20200422 17:39:58.872" level="INFO">Opening browser 'chrome' to base url 'http://pixel-web:3000/login'.</msg>
<status status="PASS" starttime="20200422 17:39:58.872" endtime="20200422 17:40:02.753"></status>
</kw>
<status status="PASS" starttime="20200422 17:39:58.872" endtime="20200422 17:40:02.753"></status>
</kw>
<kw name="Quando eu submeto minhas credenciais &quot;arthur@ninjapixel.com&quot; e &quot;123456&quot;">
<kw name="Input Text" library="SeleniumLibrary">
<doc>Types the given ``text`` into the text field identified by ``locator``.</doc>
<arguments>
<arg>id:emailId</arg>
<arg>${email}</arg>
</arguments>
<msg timestamp="20200422 17:40:02.754" level="INFO">Typing text 'arthur@ninjapixel.com' into text field 'id:emailId'.</msg>
<status status="PASS" starttime="20200422 17:40:02.754" endtime="20200422 17:40:03.031"></status>
</kw>
<kw name="Input Text" library="SeleniumLibrary">
<doc>Types the given ``text`` into the text field identified by ``locator``.</doc>
<arguments>
<arg>id:passId</arg>
<arg>${pass}</arg>
</arguments>
<msg timestamp="20200422 17:40:03.032" level="INFO">Typing text '123456' into text field 'id:passId'.</msg>
<status status="PASS" starttime="20200422 17:40:03.032" endtime="20200422 17:40:03.112"></status>
</kw>
<kw name="Click Element" library="SeleniumLibrary">
<doc>Click the element identified by ``locator``.</doc>
<arguments>
<arg>class:btn</arg>
</arguments>
<msg timestamp="20200422 17:40:03.113" level="INFO">Clicking element 'class:btn'.</msg>
<status status="PASS" starttime="20200422 17:40:03.112" endtime="20200422 17:40:03.163"></status>
</kw>
<status status="PASS" starttime="20200422 17:40:02.754" endtime="20200422 17:40:03.163"></status>
</kw>
<kw name="Então devo ser autenticado">
<kw name="Wait Until Page Contains" library="SeleniumLibrary">
<doc>Waits until ``text`` appears on the current page.</doc>
<arguments>
<arg>Arthur Cipolari</arg>
</arguments>
<status status="PASS" starttime="20200422 17:40:03.164" endtime="20200422 17:40:03.621"></status>
</kw>
<kw name="Close Browser" library="SeleniumLibrary">
<doc>Closes the current browser.</doc>
<status status="PASS" starttime="20200422 17:40:03.621" endtime="20200422 17:40:05.735"></status>
</kw>
<status status="PASS" starttime="20200422 17:40:03.164" endtime="20200422 17:40:05.735"></status>
</kw>
<status status="PASS" starttime="20200422 17:39:58.871" endtime="20200422 17:40:05.735" critical="yes"></status>
</test>
<test id="s1-t2" name="Senha incorreta">
<kw name="Dado que eu acesso a página de login">
<kw name="Open Browser" library="SeleniumLibrary">
<doc>Opens a new browser instance to the optional ``url``.</doc>
<arguments>
<arg>http://pixel-web:3000/login</arg>
<arg>chrome</arg>
</arguments>
<msg timestamp="20200422 17:40:05.738" level="INFO">Opening browser 'chrome' to base url 'http://pixel-web:3000/login'.</msg>
<status status="PASS" starttime="20200422 17:40:05.737" endtime="20200422 17:40:11.652"></status>
</kw>
<status status="PASS" starttime="20200422 17:40:05.737" endtime="20200422 17:40:11.652"></status>
</kw>
<kw name="Quando eu submeto minhas credenciais com senha incorreta">
<kw name="Input Text" library="SeleniumLibrary">
<doc>Types the given ``text`` into the text field identified by ``locator``.</doc>
<arguments>
<arg>id:emailId</arg>
<arg>arthur@ninjapixel.com</arg>
</arguments>
<msg timestamp="20200422 17:40:11.653" level="INFO">Typing text 'arthur@ninjapixel.com' into text field 'id:emailId'.</msg>
<status status="PASS" starttime="20200422 17:40:11.653" endtime="20200422 17:40:11.783"></status>
</kw>
<kw name="Input Text" library="SeleniumLibrary">
<doc>Types the given ``text`` into the text field identified by ``locator``.</doc>
<arguments>
<arg>id:passId</arg>
<arg>senhaerrada</arg>
</arguments>
<msg timestamp="20200422 17:40:11.783" level="INFO">Typing text 'senhaerrada' into text field 'id:passId'.</msg>
<status status="PASS" starttime="20200422 17:40:11.783" endtime="20200422 17:40:11.878"></status>
</kw>
<kw name="Click Element" library="SeleniumLibrary">
<doc>Click the element identified by ``locator``.</doc>
<arguments>
<arg>class:btn</arg>
</arguments>
<msg timestamp="20200422 17:40:11.878" level="INFO">Clicking element 'class:btn'.</msg>
<status status="PASS" starttime="20200422 17:40:11.878" endtime="20200422 17:40:11.929"></status>
</kw>
<status status="PASS" starttime="20200422 17:40:11.653" endtime="20200422 17:40:11.929"></status>
</kw>
<kw name="Então devo ver uma mensagem de alerta &quot;Usuário e/ou senha inválidos&quot;">
<kw name="Wait Until Page Contains" library="SeleniumLibrary">
<doc>Waits until ``text`` appears on the current page.</doc>
<arguments>
<arg>${mensagem}</arg>
</arguments>
<status status="PASS" starttime="20200422 17:40:11.930" endtime="20200422 17:40:12.165"></status>
</kw>
<kw name="Close Browser" library="SeleniumLibrary">
<doc>Closes the current browser.</doc>
<status status="PASS" starttime="20200422 17:40:12.165" endtime="20200422 17:40:14.260"></status>
</kw>
<status status="PASS" starttime="20200422 17:40:11.929" endtime="20200422 17:40:14.260"></status>
</kw>
<status status="PASS" starttime="20200422 17:40:05.737" endtime="20200422 17:40:14.260" critical="yes"></status>
</test>
<test id="s1-t3" name="Email que não existe">
<kw name="Dado que eu acesso a página de login">
<kw name="Open Browser" library="SeleniumLibrary">
<doc>Opens a new browser instance to the optional ``url``.</doc>
<arguments>
<arg>http://pixel-web:3000/login</arg>
<arg>chrome</arg>
</arguments>
<msg timestamp="20200422 17:40:14.263" level="INFO">Opening browser 'chrome' to base url 'http://pixel-web:3000/login'.</msg>
<status status="PASS" starttime="20200422 17:40:14.262" endtime="20200422 17:40:27.097"></status>
</kw>
<status status="PASS" starttime="20200422 17:40:14.262" endtime="20200422 17:40:27.097"></status>
</kw>
<kw name="Quando eu submeto minhas credenciais com email nao cadastrado">
<kw name="Input Text" library="SeleniumLibrary">
<doc>Types the given ``text`` into the text field identified by ``locator``.</doc>
<arguments>
<arg>id:emailId</arg>
<arg>emailerrado@ninjapixel.com</arg>
</arguments>
<msg timestamp="20200422 17:40:27.098" level="INFO">Typing text 'emailerrado@ninjapixel.com' into text field 'id:emailId'.</msg>
<status status="PASS" starttime="20200422 17:40:27.098" endtime="20200422 17:40:27.246"></status>
</kw>
<kw name="Input Text" library="SeleniumLibrary">
<doc>Types the given ``text`` into the text field identified by ``locator``.</doc>
<arguments>
<arg>id:passId</arg>
<arg>senhaqualquer</arg>
</arguments>
<msg timestamp="20200422 17:40:27.247" level="INFO">Typing text 'senhaqualquer' into text field 'id:passId'.</msg>
<status status="PASS" starttime="20200422 17:40:27.246" endtime="20200422 17:40:27.357"></status>
</kw>
<kw name="Click Element" library="SeleniumLibrary">
<doc>Click the element identified by ``locator``.</doc>
<arguments>
<arg>class:btn</arg>
</arguments>
<msg timestamp="20200422 17:40:27.358" level="INFO">Clicking element 'class:btn'.</msg>
<status status="PASS" starttime="20200422 17:40:27.357" endtime="20200422 17:40:27.432"></status>
</kw>
<status status="PASS" starttime="20200422 17:40:27.097" endtime="20200422 17:40:27.432"></status>
</kw>
<kw name="Então devo ver uma mensagem de alerta &quot;Usuário e/ou senha inválidos&quot;">
<kw name="Wait Until Page Contains" library="SeleniumLibrary">
<doc>Waits until ``text`` appears on the current page.</doc>
<arguments>
<arg>${mensagem}</arg>
</arguments>
<status status="PASS" starttime="20200422 17:40:27.433" endtime="20200422 17:40:27.673"></status>
</kw>
<kw name="Close Browser" library="SeleniumLibrary">
<doc>Closes the current browser.</doc>
<status status="PASS" starttime="20200422 17:40:27.673" endtime="20200422 17:40:29.756"></status>
</kw>
<status status="PASS" starttime="20200422 17:40:27.433" endtime="20200422 17:40:29.756"></status>
</kw>
<status status="PASS" starttime="20200422 17:40:14.261" endtime="20200422 17:40:29.756" critical="yes"></status>
</test>
<test id="s1-t4" name="Email nao informado">
<kw name="Dado que eu acesso a página de login">
<kw name="Open Browser" library="SeleniumLibrary">
<doc>Opens a new browser instance to the optional ``url``.</doc>
<arguments>
<arg>http://pixel-web:3000/login</arg>
<arg>chrome</arg>
</arguments>
<msg timestamp="20200422 17:40:29.759" level="INFO">Opening browser 'chrome' to base url 'http://pixel-web:3000/login'.</msg>
<status status="PASS" starttime="20200422 17:40:29.758" endtime="20200422 17:40:33.691"></status>
</kw>
<status status="PASS" starttime="20200422 17:40:29.758" endtime="20200422 17:40:33.691"></status>
</kw>
<kw name="Quando eu submeto minhas credenciais sem o email">
<kw name="Input Text" library="SeleniumLibrary">
<doc>Types the given ``text`` into the text field identified by ``locator``.</doc>
<arguments>
<arg>id:passId</arg>
<arg>senha</arg>
</arguments>
<msg timestamp="20200422 17:40:33.693" level="INFO">Typing text 'senha' into text field 'id:passId'.</msg>
<status status="PASS" starttime="20200422 17:40:33.693" endtime="20200422 17:40:33.859"></status>
</kw>
<kw name="Click Element" library="SeleniumLibrary">
<doc>Click the element identified by ``locator``.</doc>
<arguments>
<arg>class:btn</arg>
</arguments>
<msg timestamp="20200422 17:40:33.859" level="INFO">Clicking element 'class:btn'.</msg>
<status status="PASS" starttime="20200422 17:40:33.859" endtime="20200422 17:40:33.912"></status>
</kw>
<status status="PASS" starttime="20200422 17:40:33.692" endtime="20200422 17:40:33.912"></status>
</kw>
<kw name="Então devo ver uma mensagem de alerta &quot;Opps. Informe o seu email!&quot;">
<kw name="Wait Until Page Contains" library="SeleniumLibrary">
<doc>Waits until ``text`` appears on the current page.</doc>
<arguments>
<arg>${mensagem}</arg>
</arguments>
<status status="PASS" starttime="20200422 17:40:33.913" endtime="20200422 17:40:33.934"></status>
</kw>
<kw name="Close Browser" library="SeleniumLibrary">
<doc>Closes the current browser.</doc>
<status status="PASS" starttime="20200422 17:40:33.934" endtime="20200422 17:40:36.057"></status>
</kw>
<status status="PASS" starttime="20200422 17:40:33.913" endtime="20200422 17:40:36.057"></status>
</kw>
<status status="PASS" starttime="20200422 17:40:29.758" endtime="20200422 17:40:36.057" critical="yes"></status>
</test>
<test id="s1-t5" name="Senha nao informada">
<kw name="Dado que eu acesso a página de login">
<kw name="Open Browser" library="SeleniumLibrary">
<doc>Opens a new browser instance to the optional ``url``.</doc>
<arguments>
<arg>http://pixel-web:3000/login</arg>
<arg>chrome</arg>
</arguments>
<msg timestamp="20200422 17:40:36.060" level="INFO">Opening browser 'chrome' to base url 'http://pixel-web:3000/login'.</msg>
<status status="PASS" starttime="20200422 17:40:36.059" endtime="20200422 17:40:39.990"></status>
</kw>
<status status="PASS" starttime="20200422 17:40:36.059" endtime="20200422 17:40:39.990"></status>
</kw>
<kw name="Quando eu submeto minhas credenciais sem a senha">
<kw name="Input Text" library="SeleniumLibrary">
<doc>Types the given ``text`` into the text field identified by ``locator``.</doc>
<arguments>
<arg>id:emailId</arg>
<arg>arthur@ninjapixel.com</arg>
</arguments>
<msg timestamp="20200422 17:40:39.991" level="INFO">Typing text 'arthur@ninjapixel.com' into text field 'id:emailId'.</msg>
<status status="PASS" starttime="20200422 17:40:39.991" endtime="20200422 17:40:40.263"></status>
</kw>
<kw name="Click Element" library="SeleniumLibrary">
<doc>Click the element identified by ``locator``.</doc>
<arguments>
<arg>class:btn</arg>
</arguments>
<msg timestamp="20200422 17:40:40.263" level="INFO">Clicking element 'class:btn'.</msg>
<status status="PASS" starttime="20200422 17:40:40.263" endtime="20200422 17:40:40.310"></status>
</kw>
<status status="PASS" starttime="20200422 17:40:39.990" endtime="20200422 17:40:40.310"></status>
</kw>
<kw name="Então devo ver uma mensagem de alerta &quot;Opps. Informe a sua senha!&quot;">
<kw name="Wait Until Page Contains" library="SeleniumLibrary">
<doc>Waits until ``text`` appears on the current page.</doc>
<arguments>
<arg>${mensagem}</arg>
</arguments>
<status status="PASS" starttime="20200422 17:40:40.311" endtime="20200422 17:40:40.332"></status>
</kw>
<kw name="Close Browser" library="SeleniumLibrary">
<doc>Closes the current browser.</doc>
<status status="PASS" starttime="20200422 17:40:40.332" endtime="20200422 17:40:42.456"></status>
</kw>
<status status="PASS" starttime="20200422 17:40:40.311" endtime="20200422 17:40:42.456"></status>
</kw>
<status status="PASS" starttime="20200422 17:40:36.059" endtime="20200422 17:40:42.456" critical="yes"></status>
</test>
<doc>Login
Sendo um administrador de catálogo
Quero me autenticar no sistema
Para que eu possa gerenciar o catálogo de produtos</doc>
<status status="PASS" starttime="20200422 17:39:58.660" endtime="20200422 17:40:42.458"></status>
</suite>
<statistics>
<total>
<stat pass="5" fail="0">Critical Tests</stat>
<stat pass="5" fail="0">All Tests</stat>
</total>
<tag>
</tag>
<suite>
<stat pass="5" fail="0" id="s1" name="Login">Login</stat>
</suite>
</statistics>
<errors>
</errors>
</robot>
