<?xml version="1.0" encoding="UTF-8"?>
<robot generator="Robot 3.1.2 (Python 3.8.2 on win32)" generated="20200422 22:45:16.743" rpa="false">
<suite id="s1" name="Cadastro" source="C:\Docker\ninjapixel\tests\cadastro.robot">
<test id="s1-t1" name="Disponibilizar produto">
<kw name="Open" library="BasePage" type="setup">
<kw name="Open Browser" library="SeleniumLibrary">
<doc>Opens a new browser instance to the optional ``url``.</doc>
<arguments>
<arg>http://pixel-web:3000/login</arg>
<arg>chrome</arg>
</arguments>
<msg timestamp="20200422 22:45:16.969" level="INFO">Opening browser 'chrome' to base url 'http://pixel-web:3000/login'.</msg>
<status status="PASS" starttime="20200422 22:45:16.969" endtime="20200422 22:45:20.904"></status>
</kw>
<kw name="Set Selenium Implicit Wait" library="SeleniumLibrary">
<doc>Sets the implicit wait value used by Selenium.</doc>
<arguments>
<arg>5</arg>
</arguments>
<status status="PASS" starttime="20200422 22:45:20.905" endtime="20200422 22:45:20.907"></status>
</kw>
<status status="PASS" starttime="20200422 22:45:16.968" endtime="20200422 22:45:20.907"></status>
</kw>
<kw name="Dado que estou logado">
<kw name="Login With" library="LoginPage">
<arguments>
<arg>arthur@ninjapixel.com</arg>
<arg>123456</arg>
</arguments>
<kw name="Input Text" library="SeleniumLibrary">
<doc>Types the given ``text`` into the text field identified by ``locator``.</doc>
<arguments>
<arg>id:emailId</arg>
<arg>${email}</arg>
</arguments>
<msg timestamp="20200422 22:45:20.908" level="INFO">Typing text 'arthur@ninjapixel.com' into text field 'id:emailId'.</msg>
<status status="PASS" starttime="20200422 22:45:20.908" endtime="20200422 22:45:21.154"></status>
</kw>
<kw name="Input Text" library="SeleniumLibrary">
<doc>Types the given ``text`` into the text field identified by ``locator``.</doc>
<arguments>
<arg>id:passId</arg>
<arg>${pass}</arg>
</arguments>
<msg timestamp="20200422 22:45:21.154" level="INFO">Typing text '123456' into text field 'id:passId'.</msg>
<status status="PASS" starttime="20200422 22:45:21.154" endtime="20200422 22:45:21.239"></status>
</kw>
<kw name="Click Element" library="SeleniumLibrary">
<doc>Click the element identified by ``locator``.</doc>
<arguments>
<arg>class:btn</arg>
</arguments>
<msg timestamp="20200422 22:45:21.239" level="INFO">Clicking element 'class:btn'.</msg>
<status status="PASS" starttime="20200422 22:45:21.239" endtime="20200422 22:45:21.288"></status>
</kw>
<status status="PASS" starttime="20200422 22:45:20.908" endtime="20200422 22:45:21.288"></status>
</kw>
<status status="PASS" starttime="20200422 22:45:20.908" endtime="20200422 22:45:21.288"></status>
</kw>
<kw name="Quando eu faço o cadastro desse produto">
<arguments>
<arg>dk.json</arg>
</arguments>
<kw name="Get File" library="OperatingSystem">
<doc>Returns the contents of a specified file.</doc>
<arguments>
<arg>fixtures/${json_file}</arg>
</arguments>
<assign>
<var>${product_file}</var>
</assign>
<msg timestamp="20200422 22:45:21.290" level="INFO" html="yes">Getting file '&lt;a href="file://C:\Docker\ninjapixel\tests\fixtures\dk.json"&gt;C:\Docker\ninjapixel\tests\fixtures\dk.json&lt;/a&gt;'.</msg>
<msg timestamp="20200422 22:45:21.290" level="INFO">${product_file} = {

"name":     "Donkey Kong",
"cat":      "Super Nintendo",
"price":    "49.99",
"desc":     "Jogo show!"

}</msg>
<status status="PASS" starttime="20200422 22:45:21.289" endtime="20200422 22:45:21.290"></status>
</kw>
<kw name="Evaluate" library="BuiltIn">
<doc>Evaluates the given expression in Python and returns the results.</doc>
<arguments>
<arg>json.loads($product_file)</arg>
<arg>json</arg>
</arguments>
<assign>
<var>${product_json}</var>
</assign>
<msg timestamp="20200422 22:45:21.298" level="INFO">${product_json} = {'name': 'Donkey Kong', 'cat': 'Super Nintendo', 'price': '49.99', 'desc': 'Jogo show!'}</msg>
<status status="PASS" starttime="20200422 22:45:21.290" endtime="20200422 22:45:21.298"></status>
</kw>
<kw name="Click Element" library="SeleniumLibrary">
<doc>Click the element identified by ``locator``.</doc>
<arguments>
<arg>class:product-add</arg>
</arguments>
<msg timestamp="20200422 22:45:21.298" level="INFO">Clicking element 'class:product-add'.</msg>
<status status="PASS" starttime="20200422 22:45:21.298" endtime="20200422 22:45:21.644"></status>
</kw>
<kw name="Input Text" library="SeleniumLibrary">
<doc>Types the given ``text`` into the text field identified by ``locator``.</doc>
<arguments>
<arg>css:input[name=title]</arg>
<arg>${product_json['name']}</arg>
</arguments>
<msg timestamp="20200422 22:45:21.645" level="INFO">Typing text 'Donkey Kong' into text field 'css:input[name=title]'.</msg>
<status status="PASS" starttime="20200422 22:45:21.644" endtime="20200422 22:45:22.065"></status>
</kw>
<kw name="Click Element" library="SeleniumLibrary">
<doc>Click the element identified by ``locator``.</doc>
<arguments>
<arg>css:input[placeholder="Gategoria"]</arg>
</arguments>
<msg timestamp="20200422 22:45:22.066" level="INFO">Clicking element 'css:input[placeholder="Gategoria"]'.</msg>
<status status="PASS" starttime="20200422 22:45:22.065" endtime="20200422 22:45:22.127"></status>
</kw>
<kw name="Sleep" library="BuiltIn">
<doc>Pauses the test executed for the given time.</doc>
<arguments>
<arg>1</arg>
</arguments>
<msg timestamp="20200422 22:45:23.128" level="INFO">Slept 1 second</msg>
<status status="PASS" starttime="20200422 22:45:22.128" endtime="20200422 22:45:23.128"></status>
</kw>
<kw name="Click Element" library="SeleniumLibrary">
<doc>Click the element identified by ``locator``.</doc>
<arguments>
<arg>xpath://li/span[text()='${product_json['cat']}']</arg>
</arguments>
<msg timestamp="20200422 22:45:23.129" level="INFO">Clicking element 'xpath://li/span[text()='Super Nintendo']'.</msg>
<status status="PASS" starttime="20200422 22:45:23.128" endtime="20200422 22:45:23.174"></status>
</kw>
<kw name="Input Text" library="SeleniumLibrary">
<doc>Types the given ``text`` into the text field identified by ``locator``.</doc>
<arguments>
<arg>css:input[placeholder="Preço"]</arg>
<arg>${product_json['price']}</arg>
</arguments>
<msg timestamp="20200422 22:45:23.174" level="INFO">Typing text '49.99' into text field 'css:input[placeholder="Preço"]'.</msg>
<status status="PASS" starttime="20200422 22:45:23.174" endtime="20200422 22:45:23.262"></status>
</kw>
<kw name="Input Text" library="SeleniumLibrary">
<doc>Types the given ``text`` into the text field identified by ``locator``.</doc>
<arguments>
<arg>css:textarea[name=description]</arg>
<arg>${product_json['desc']}</arg>
</arguments>
<msg timestamp="20200422 22:45:23.262" level="INFO">Typing text 'Jogo show!' into text field 'css:textarea[name=description]'.</msg>
<status status="PASS" starttime="20200422 22:45:23.262" endtime="20200422 22:45:23.470"></status>
</kw>
<kw name="Click Element" library="SeleniumLibrary">
<doc>Click the element identified by ``locator``.</doc>
<arguments>
<arg>id:create-product</arg>
</arguments>
<msg timestamp="20200422 22:45:23.471" level="INFO">Clicking element 'id:create-product'.</msg>
<status status="PASS" starttime="20200422 22:45:23.470" endtime="20200422 22:45:23.517"></status>
</kw>
<status status="PASS" starttime="20200422 22:45:21.289" endtime="20200422 22:45:23.517"></status>
</kw>
<kw name="Devo ver este item no catálogo">
<arguments>
<arg>dk.json</arg>
</arguments>
<kw name="Get File" library="OperatingSystem">
<doc>Returns the contents of a specified file.</doc>
<arguments>
<arg>fixtures/${json_file}</arg>
</arguments>
<assign>
<var>${product_file}</var>
</assign>
<msg timestamp="20200422 22:45:23.518" level="INFO" html="yes">Getting file '&lt;a href="file://C:\Docker\ninjapixel\tests\fixtures\dk.json"&gt;C:\Docker\ninjapixel\tests\fixtures\dk.json&lt;/a&gt;'.</msg>
<msg timestamp="20200422 22:45:23.518" level="INFO">${product_file} = {

"name":     "Donkey Kong",
"cat":      "Super Nintendo",
"price":    "49.99",
"desc":     "Jogo show!"

}</msg>
<status status="PASS" starttime="20200422 22:45:23.518" endtime="20200422 22:45:23.518"></status>
</kw>
<kw name="Evaluate" library="BuiltIn">
<doc>Evaluates the given expression in Python and returns the results.</doc>
<arguments>
<arg>json.loads($product_file)</arg>
<arg>json</arg>
</arguments>
<assign>
<var>${product_json}</var>
</assign>
<msg timestamp="20200422 22:45:23.519" level="INFO">${product_json} = {'name': 'Donkey Kong', 'cat': 'Super Nintendo', 'price': '49.99', 'desc': 'Jogo show!'}</msg>
<status status="PASS" starttime="20200422 22:45:23.518" endtime="20200422 22:45:23.519"></status>
</kw>
<kw name="Wait Until Page Contains" library="SeleniumLibrary">
<doc>Waits until ``text`` appears on the current page.</doc>
<arguments>
<arg>${product_json['name']}</arg>
</arguments>
<status status="PASS" starttime="20200422 22:45:23.519" endtime="20200422 22:45:24.304"></status>
</kw>
<status status="PASS" starttime="20200422 22:45:23.517" endtime="20200422 22:45:24.304"></status>
</kw>
<kw name="Close" library="BasePage" type="teardown">
<kw name="Close Browser" library="SeleniumLibrary">
<doc>Closes the current browser.</doc>
<status status="PASS" starttime="20200422 22:45:24.305" endtime="20200422 22:45:26.407"></status>
</kw>
<status status="PASS" starttime="20200422 22:45:24.304" endtime="20200422 22:45:26.407"></status>
</kw>
<status status="PASS" starttime="20200422 22:45:16.968" endtime="20200422 22:45:26.407" critical="yes"></status>
</test>
<doc>Cadastro de produtos
Sendo um Adm de catálogo
Quero cadastrar produtos
Para que eu possa disponibiliza-los na loja virtual</doc>
<status status="PASS" starttime="20200422 22:45:16.745" endtime="20200422 22:45:26.409"></status>
</suite>
<statistics>
<total>
<stat pass="1" fail="0">Critical Tests</stat>
<stat pass="1" fail="0">All Tests</stat>
</total>
<tag>
</tag>
<suite>
<stat pass="1" fail="0" id="s1" name="Cadastro">Cadastro</stat>
</suite>
</statistics>
<errors>
</errors>
</robot>
